0 info it worked if it ends with ok
1 verbose cli [ 'C:\\Program Files\\nodejs\\node.exe',
1 verbose cli   'C:\\Program Files\\nodejs\\node_modules\\npm\\bin\\npm-cli.js',
1 verbose cli   'run',
1 verbose cli   'server' ]
2 info using npm@3.10.10
3 info using node@v6.11.1
4 verbose run-script [ 'preserver', 'server', 'postserver' ]
5 info lifecycle Alpha@1.0.0~preserver: Alpha@1.0.0
6 silly lifecycle Alpha@1.0.0~preserver: no script for preserver, continuing
7 info lifecycle Alpha@1.0.0~server: Alpha@1.0.0
8 verbose lifecycle Alpha@1.0.0~server: unsafe-perm in lifecycle true
9 verbose lifecycle Alpha@1.0.0~server: PATH: C:\Program Files\nodejs\node_modules\npm\bin\node-gyp-bin;C:\Users\victo\OneDrive\Documents\Keep Coding\Front_Ninja\Proyecto\Alpha\node_modules\.bin;C:\Python35-32\Scripts\;C:\Python35-32\;C:\ProgramData\Oracle\Java\javapath;C:\WINDOWS\system32;C:\WINDOWS;C:\WINDOWS\System32\Wbem;C:\WINDOWS\System32\WindowsPowerShell\v1.0\;C:\Git\cmd;C:\Program Files\Microsoft SQL Server\120\Tools\Binn\;C:\Program Files\Microsoft SQL Server\130\Tools\Binn\;C:\Program Files (x86)\Windows Kits\10\Windows Performance Toolkit\;C:\Program Files (x86)\Pandoc\;C:\Program Files\nodejs\;C:\Program Files (x86)\Skype\Phone\;C:\Users\victo\AppData\Local\Microsoft\WindowsApps;C:\Users\victo\AppData\Local\atom\bin;C:\Users\victo\AppData\Roaming\npm
10 verbose lifecycle Alpha@1.0.0~server: CWD: C:\Users\victo\OneDrive\Documents\Keep Coding\Front_Ninja\Proyecto\Alpha
11 silly lifecycle Alpha@1.0.0~server: Args: [ '/d /s /c',
11 silly lifecycle   'json-server --static ./dist --port 3100 db.json' ]
12 silly lifecycle Alpha@1.0.0~server: Returned: code: 1  signal: null
13 info lifecycle Alpha@1.0.0~server: Failed to exec server script
14 verbose stack Error: Alpha@1.0.0 server: `json-server --static ./dist --port 3100 db.json`
14 verbose stack Exit status 1
14 verbose stack     at EventEmitter.<anonymous> (C:\Program Files\nodejs\node_modules\npm\lib\utils\lifecycle.js:255:16)
14 verbose stack     at emitTwo (events.js:106:13)
14 verbose stack     at EventEmitter.emit (events.js:191:7)
14 verbose stack     at ChildProcess.<anonymous> (C:\Program Files\nodejs\node_modules\npm\lib\utils\spawn.js:40:14)
14 verbose stack     at emitTwo (events.js:106:13)
14 verbose stack     at ChildProcess.emit (events.js:191:7)
14 verbose stack     at maybeClose (internal/child_process.js:891:16)
14 verbose stack     at Process.ChildProcess._handle.onexit (internal/child_process.js:226:5)
15 verbose pkgid Alpha@1.0.0
16 verbose cwd C:\Users\victo\OneDrive\Documents\Keep Coding\Front_Ninja\Proyecto\Alpha\src
17 error Windows_NT 10.0.15063
18 error argv "C:\\Program Files\\nodejs\\node.exe" "C:\\Program Files\\nodejs\\node_modules\\npm\\bin\\npm-cli.js" "run" "server"
19 error node v6.11.1
20 error npm  v3.10.10
21 error code ELIFECYCLE
22 error Alpha@1.0.0 server: `json-server --static ./dist --port 3100 db.json`
22 error Exit status 1
23 error Failed at the Alpha@1.0.0 server script 'json-server --static ./dist --port 3100 db.json'.
23 error Make sure you have the latest version of node.js and npm installed.
23 error If you do, this is most likely a problem with the Alpha package,
23 error not with npm itself.
23 error Tell the author that this fails on your system:
23 error     json-server --static ./dist --port 3100 db.json
23 error You can get information on how to open an issue for this project with:
23 error     npm bugs Alpha
23 error Or if that isn't available, you can get their info via:
23 error     npm owner ls Alpha
23 error There is likely additional logging output above.
24 verbose exit [ 1, true ]
